Arguments: 
  /Users/adaily/.nvm/versions/node/v16.13.2/bin/node /usr/local/Cellar/yarn/1.22.17/libexec/bin/yarn.js start

PATH: 
  /Users/adaily/.nvm/versions/node/v16.13.2/bin:/usr/local/bin:/usr/bin:/bin:/usr/sbin:/sbin:/Users/adaily/bin/tools:/Library/TeX/texbin

Yarn version: 
  1.22.17

Node version: 
  16.13.2

Platform: 
  darwin x64

Trace: 
  SyntaxError: /Users/adaily/fun/skippy-bu/src/client/client/package.json: Unexpected token t in JSON at position 659
      at JSON.parse (<anonymous>)
      at /usr/local/Cellar/yarn/1.22.17/libexec/lib/cli.js:1625:59
      at Generator.next (<anonymous>)
      at step (/usr/local/Cellar/yarn/1.22.17/libexec/lib/cli.js:310:30)
      at /usr/local/Cellar/yarn/1.22.17/libexec/lib/cli.js:321:13

npm manifest: 
  {
    "name": "skip-client",
    "version": "1.0.0",
    "scripts": {
      "build": "npx tsc",
      "start": "node dist/main.js"
    },
    "devDependencies": {
      "@types/axios": "^0.14.0",
      "@types/chalk": "^2.2.0",
      "@types/chalk-animation": "^1.6.1",
      "@types/figlet": "^1.5.4",
      "@types/inquirer": "^8.2.0",
      "@types/node": "^17.0.13",
      "typescript": "^4.5.5"
    },
    "dependencies": {
      "axios": "^0.25.0",
      "chalk": "^5.0.0",
      "chalk-animation": "^1.6.0",
      "dotenv": "^15.0.0",
      "engine": "1.0.0",
      "figlet": "^1.5.2",
      "inquirer": "^8.2.0",
      "nanospinner": "^1.0.0",
      "tsc": "^2.0.4"
    },
    "private": true,
    "module" true
  }

yarn manifest: 
  No manifest

Lockfile: 
  No lockfile
